<?xml version="1.0" encoding="UTF-8"?>
<testng-results skipped="0" failed="0" ignored="0" total="1" passed="1">
  <reporter-output>
    <line>
      <![CDATA[<div "result">I am at login page in my page (PASSED : 0s)</div>]]>
    </line>
    <line>
      <![CDATA[<div "result">I wrote username as this Password is like that (PASSED : 1s)</div>]]>
    </line>
    <line>
      <![CDATA[<div "result">I am clicking login button (PASSED : 0s)</div>]]>
    </line>
    <line>
      <![CDATA[<div "result">I am in home page (PASSED : 0s)</div>]]>
    </line>
  </reporter-output>
  <suite name="Default suite" duration-ms="6761" started-at="2018-09-03T17:35:07Z" finished-at="2018-09-03T17:35:14Z">
    <groups>
      <group name="cucumber">
        <method signature="AbstractTestNGCucumberTests.runScenario(cucumber.api.testng.PickleEventWrapper, cucumber.api.testng.CucumberFeatureWrapper)[pri:0, instance:Runners.CukesRunner@5ce81285]" name="runScenario" class="cucumber.api.testng.AbstractTestNGCucumberTests"/>
      </group> <!-- cucumber -->
    </groups>
    <test name="Default test" duration-ms="6761" started-at="2018-09-03T17:35:07Z" finished-at="2018-09-03T17:35:14Z">
      <class name="Runners.CukesRunner">
        <test-method status="PASS" signature="setUpClass()[pri:0, instance:Runners.CukesRunner@5ce81285]" name="setUpClass" is-config="true" duration-ms="316" started-at="2018-09-03T17:35:07Z" finished-at="2018-09-03T17:35:07Z">
          <reporter-output>
          </reporter-output>
        </test-method> <!-- setUpClass -->
        <test-method status="PASS" signature="runScenario(cucumber.api.testng.PickleEventWrapper, cucumber.api.testng.CucumberFeatureWrapper)[pri:0, instance:Runners.CukesRunner@5ce81285]" name="runScenario" duration-ms="6284" started-at="2018-09-03T17:35:08Z" description="Runs Cucumber Scenarios" data-provider="scenarios" finished-at="2018-09-03T17:35:14Z">
          <params>
            <param index="0">
              <value>
                <![CDATA["I am as a user I am able to login with valid username and password"]]>
              </value>
            </param>
            <param index="1">
              <value>
                <![CDATA["Login with valid username and password"]]>
              </value>
            </param>
          </params>
          <reporter-output>
            <line>
              <![CDATA[<div "result">I am at login page in my page (PASSED : 0s)</div>]]>
            </line>
            <line>
              <![CDATA[<div "result">I wrote username as this Password is like that (PASSED : 1s)</div>]]>
            </line>
            <line>
              <![CDATA[<div "result">I am clicking login button (PASSED : 0s)</div>]]>
            </line>
            <line>
              <![CDATA[<div "result">I am in home page (PASSED : 0s)</div>]]>
            </line>
          </reporter-output>
        </test-method> <!-- runScenario -->
        <test-method status="PASS" signature="tearDownClass()[pri:0, instance:Runners.CukesRunner@5ce81285]" name="tearDownClass" is-config="true" duration-ms="79" started-at="2018-09-03T17:35:14Z" finished-at="2018-09-03T17:35:14Z">
          <reporter-output>
          </reporter-output>
        </test-method> <!-- tearDownClass -->
      </class> <!-- Runners.CukesRunner -->
    </test> <!-- Default test -->
  </suite> <!-- Default suite -->
</testng-results>
