<?xml version="1.0" encoding="UTF-8"?>
<testng-results skipped="1" failed="0" ignored="0" total="1" passed="0">
  <reporter-output>
    <line>
      <![CDATA[<div "result">I am at login page in my page (UNDEFINED)</div>]]>
    </line>
    <line>
      <![CDATA[<div "result">I wrote username as &quot;Muhammet&quot; Password is like &quot;asd123&quot; (UNDEFINED)</div>]]>
    </line>
    <line>
      <![CDATA[<div "result">I am clicking login button (UNDEFINED)</div>]]>
    </line>
    <line>
      <![CDATA[<div "result">I am in home page (UNDEFINED)</div>]]>
    </line>
  </reporter-output>
  <suite name="Default suite" duration-ms="273" started-at="2018-09-01T21:01:35Z" finished-at="2018-09-01T21:01:35Z">
    <groups>
      <group name="cucumber">
        <method signature="AbstractTestNGCucumberTests.runScenario(cucumber.api.testng.PickleEventWrapper, cucumber.api.testng.CucumberFeatureWrapper)[pri:0, instance:Runners.CukesRunner@589838eb]" name="runScenario" class="cucumber.api.testng.AbstractTestNGCucumberTests"/>
      </group> <!-- cucumber -->
    </groups>
    <test name="Default test" duration-ms="273" started-at="2018-09-01T21:01:35Z" finished-at="2018-09-01T21:01:35Z">
      <class name="Runners.CukesRunner">
        <test-method status="PASS" signature="setUpClass()[pri:0, instance:Runners.CukesRunner@589838eb]" name="setUpClass" is-config="true" duration-ms="135" started-at="2018-09-01T21:01:35Z" finished-at="2018-09-01T21:01:35Z">
          <reporter-output>
          </reporter-output>
        </test-method> <!-- setUpClass -->
        <test-method status="SKIP" signature="runScenario(cucumber.api.testng.PickleEventWrapper, cucumber.api.testng.CucumberFeatureWrapper)[pri:0, instance:Runners.CukesRunner@589838eb]" name="runScenario" duration-ms="41" started-at="2018-09-01T21:01:35Z" description="Runs Cucumber Scenarios" data-provider="scenarios" finished-at="2018-09-01T21:01:35Z">
          <params>
            <param index="0">
              <value>
                <![CDATA["I am as a user I am able to login with valid username and password"]]>
              </value>
            </param>
            <param index="1">
              <value>
                <![CDATA["Login with valid username and password"]]>
              </value>
            </param>
          </params>
          <exception class="org.testng.SkipException">
            <message>
              <![CDATA[There are undefined steps]]>
            </message>
            <full-stacktrace>
              <![CDATA[org.testng.SkipException: There are undefined steps
at cucumber.api.testng.TestCaseResultListener.getError(TestCaseResultListener.java:58)
at cucumber.api.testng.TestNGCucumberRunner.runScenario(TestNGCucumberRunner.java:59)
at cucumber.api.testng.AbstractTestNGCucumberTests.runScenario(AbstractTestNGCucumberTests.java:22)
at sun.reflect.NativeMethodAccessorImpl.invoke0(Native Method)
at sun.reflect.NativeMethodAccessorImpl.invoke(Unknown Source)
at sun.reflect.DelegatingMethodAccessorImpl.invoke(Unknown Source)
at java.lang.reflect.Method.invoke(Unknown Source)
at org.testng.internal.MethodInvocationHelper.invokeMethod(MethodInvocationHelper.java:124)
at org.testng.internal.Invoker.invokeMethod(Invoker.java:583)
at org.testng.internal.Invoker.invokeTestMethod(Invoker.java:719)
at org.testng.internal.Invoker.invokeTestMethods(Invoker.java:989)
at org.testng.internal.TestMethodWorker.invokeTestMethods(TestMethodWorker.java:125)
at org.testng.internal.TestMethodWorker.run(TestMethodWorker.java:109)
at org.testng.TestRunner.privateRun(TestRunner.java:648)
at org.testng.TestRunner.run(TestRunner.java:505)
at org.testng.SuiteRunner.runTest(SuiteRunner.java:455)
at org.testng.SuiteRunner.runSequentially(SuiteRunner.java:450)
at org.testng.SuiteRunner.privateRun(SuiteRunner.java:415)
at org.testng.SuiteRunner.run(SuiteRunner.java:364)
at org.testng.SuiteRunnerWorker.runSuite(SuiteRunnerWorker.java:52)
at org.testng.SuiteRunnerWorker.run(SuiteRunnerWorker.java:84)
at org.testng.TestNG.runSuitesSequentially(TestNG.java:1208)
at org.testng.TestNG.runSuitesLocally(TestNG.java:1137)
at org.testng.TestNG.runSuites(TestNG.java:1049)
at org.testng.TestNG.run(TestNG.java:1017)
at org.testng.remote.AbstractRemoteTestNG.run(AbstractRemoteTestNG.java:114)
at org.testng.remote.RemoteTestNG.initAndRun(RemoteTestNG.java:251)
at org.testng.remote.RemoteTestNG.main(RemoteTestNG.java:77)
]]>
            </full-stacktrace>
          </exception> <!-- org.testng.SkipException -->
          <reporter-output>
            <line>
              <![CDATA[<div "result">I am at login page in my page (UNDEFINED)</div>]]>
            </line>
            <line>
              <![CDATA[<div "result">I wrote username as &quot;Muhammet&quot; Password is like &quot;asd123&quot; (UNDEFINED)</div>]]>
            </line>
            <line>
              <![CDATA[<div "result">I am clicking login button (UNDEFINED)</div>]]>
            </line>
            <line>
              <![CDATA[<div "result">I am in home page (UNDEFINED)</div>]]>
            </line>
          </reporter-output>
        </test-method> <!-- runScenario -->
        <test-method status="PASS" signature="tearDownClass()[pri:0, instance:Runners.CukesRunner@589838eb]" name="tearDownClass" is-config="true" duration-ms="4" started-at="2018-09-01T21:01:35Z" finished-at="2018-09-01T21:01:35Z">
          <reporter-output>
          </reporter-output>
        </test-method> <!-- tearDownClass -->
      </class> <!-- Runners.CukesRunner -->
    </test> <!-- Default test -->
  </suite> <!-- Default suite -->
</testng-results>
